[Licensing::Module] Trying to connect to existing licensing client channel...
Built from '6000.4/staging' branch; Version is '6000.4.3f1 (39d1a88d4dd1) revision 3789224'; Using compiler version '194234433'; Build Type 'Release'
OS: 'Windows 11  (10.0.26200) Professional' Language: 'ja' Physical Memory: 32530 MB
BatchMode: 1, IsHumanControllingUs: 0, StartBugReporterOnCrash: 0, Is64bit: 1
[Licensing::IpcConnector] Successfully connected to: "LicenseClient-kubot" at "2026-04-19T11:42:20.9178131Z"
System  architecture: x64
Process architecture: x64
Date: 2026-04-19T11:42:20Z

COMMAND LINE ARGUMENTS:
C:\Program Files\Unity\Hub\Editor\6000.4.3f1\Editor\Unity.exe
-adb2
-batchMode
-noUpm
-name
AssetImportWorker2
-projectPath
C:/Users/kubot/Lidar App
-logFile
Logs/AssetImportWorker2.log
-srvPort
64359
-force-d3d12
-job-worker-count
9
-background-job-worker-count
8
-gc-helper-count
1
-name
AssetImport
Successfully changed project path to: C:/Users/kubot/Lidar App
C:/Users/kubot/Lidar App
[UnityMemory] Configuration Parameters - Can be set up in boot.config
    "memorysetup-temp-allocator-size-gi-baking-worker=262144"
    "memorysetup-temp-allocator-size-gi-baking-worker=262144"
    "memorysetup-temp-allocator-size-gi-baking-worker=262144"
    "memorysetup-temp-allocator-size-gi-baking-worker=262144"
    "memorysetup-temp-allocator-size-gi-baking-worker=262144"
    "memorysetup-temp-allocator-size-nav-mesh-worker=65536"
    "memorysetup-temp-allocator-size-audio-worker=65536"
    "memorysetup-temp-allocator-size-cloud-worker=32768"
    "memorysetup-temp-allocator-size-gfx=262144"
    "memorysetup-temp-allocator-size-preload-manager=33554432"
    "memorysetup-temp-allocator-size-job-worker=262144"
    "memorysetup-temp-allocator-size-background-worker=32768"
    "memorysetup-allocator-temp-initial-block-size-main=262144"
    "memorysetup-allocator-temp-initial-block-size-worker=262144"
    "memorysetup-bucket-allocator-granularity=16"
    "memorysetup-bucket-allocator-bucket-count=8"
    "memorysetup-bucket-allocator-block-size=33554432"
    "memorysetup-bucket-allocator-block-count=8"
    "memorysetup-main-allocator-block-size=16777216"
    "memorysetup-thread-allocator-block-size=16777216"
    "memorysetup-gfx-main-allocator-block-size=16777216"
    "memorysetup-gfx-thread-allocator-block-size=16777216"
    "memorysetup-cache-allocator-block-size=4194304"
    "memorysetup-typetree-allocator-block-size=2097152"
    "memorysetup-profiler-bucket-allocator-granularity=16"
    "memorysetup-profiler-bucket-allocator-bucket-count=8"
    "memorysetup-profiler-bucket-allocator-block-size=33554432"
    "memorysetup-profiler-bucket-allocator-block-count=8"
    "memorysetup-profiler-allocator-block-size=16777216"
    "memorysetup-profiler-editor-allocator-block-size=1048576"
    "memorysetup-temp-allocator-size-main=16777216"
    "memorysetup-job-temp-allocator-block-size=2097152"
    "memorysetup-job-temp-allocator-block-size-background=1048576"
    "memorysetup-job-temp-allocator-reduction-small-platforms=262144"
Player connection [29900]  Target information:

Player connection [29900]  * "[IP] 192.168.12.7 [Port] 0 [Flags] 2 [Guid] 3528949294 [EditorId] 3528949294 [Version] 1048832 [Id] WindowsEditor(7,kbt) [Debug] 1 [PackageName] WindowsEditor [ProjectName] Editor" 

Player connection [29900]  * "[IP] 192.168.1.7 [Port] 0 [Flags] 2 [Guid] 3528949294 [EditorId] 3528949294 [Version] 1048832 [Id] WindowsEditor(7,kbt) [Debug] 1 [PackageName] WindowsEditor [ProjectName] Editor" 

Player connection [29900] Host joined multi-casting on [225.0.0.222:54997]...
Player connection [29900] Host joined alternative multi-casting on [225.0.0.222:34997]...
JobSystem: Creating JobQueue using job-worker-count value 9
Input System module state changed to: Initialized.
[Physics::Module] Initialized fallback backend.
[Physics::Module] Id: 0xdecafbad
Library Redirect Path: Library/
[Physics::Module] Selected backend.
[Physics::Module] Name: PhysX
[Physics::Module] Id: 0xf2b8ea05
[Physics::Module] SDK Version: 4.1.2
[Physics::Module] Integration Version: 1.0.0
[Physics::Module] Threading Mode: Multi-Threaded
Refreshing native plugins compatible for Editor in 2.14 ms, found 1 plugins.
Initialize engine version: 6000.4.3f1 (39d1a88d4dd1)
[Subsystems] Discovering subsystems at path C:/Program Files/Unity/Hub/Editor/6000.4.3f1/Editor/Data/Resources/UnitySubsystems
[Subsystems] Discovering subsystems at path C:/Users/kubot/Lidar App/Assets
Forcing GfxDevice: Direct3D 12
GfxDevice: creating device client; kGfxThreadingModeNonThreaded
d3d12: failed to query info queue interface (0x80004002).
Direct3D:
    Version:         Direct3D 12 [level 12.1]
    Renderer:        Intel(R) Iris(R) Xe Graphics (ID=0xa7a0)
    Vendor:          Intel
    VRAM:            16265 MB
    App VRAM Budget: 15497 MB
    Driver:          32.0.101.7084
    Unified Memory Architecture
    Cache Coherent UMA
Initialize mono
Mono path[0] = 'C:/Program Files/Unity/Hub/Editor/6000.4.3f1/Editor/Data/Managed'
Mono path[1] = 'C:/Program Files/Unity/Hub/Editor/6000.4.3f1/Editor/Data/MonoBleedingEdge/lib/mono/unityjit-win32'
Mono config path = 'C:/Program Files/Unity/Hub/Editor/6000.4.3f1/Editor/Data/MonoBleedingEdge/etc'
Using monoOptions --debugger-agent=transport=dt_socket,embedding=1,server=y,suspend=n,address=127.0.0.1:56440
CodeReloadManager initialized
Begin MonoManager ReloadAssembly
Registering precompiled unity dll's ...
Register platform support module: C:/Program Files/Unity/Hub/Editor/6000.4.3f1/Editor/Data/PlaybackEngines/WebGLSupport/UnityEditor.WebGL.Extensions.dll
Register platform support module: C:/Program Files/Unity/Hub/Editor/6000.4.3f1/Editor/Data/PlaybackEngines/WindowsStandaloneSupport/UnityEditor.WindowsStandalone.Extensions.dll
[Licensing::Module] Licensing is not yet initialized.
[Licensing::Client] Error: HandshakeResponse reported an error:
	ResponseCode: 505
	ResponseStatus: Unsupported protocol version '1.18.1'.
[Licensing::Module] Error: Failed to handshake to channel: "LicenseClient-kubot"
[Licensing::IpcConnector] LicenseClient-kubot channel disconnected successfully.
[Licensing::IpcConnector] Successfully connected to: "LicenseClient-kubot-6000.4.3" at "2026-04-19T11:42:23.6326659Z"
[Licensing::Client] Handshaking with LicensingClient:
  Version:                 1.18.1+9fbee8e
  Session Id:              7e1b4a5c19f5485988831841a89b303b
  Correlation Id:          c3dc488fb8500c1f6361feab95264450
  External correlation Id: 7322620151409901114
  Machine Id:              NYDLLoQkHthd9zRm4CtzFKqwaks=
[Licensing::Module] Successfully connected to LicensingClient on channel: "LicenseClient-kubot-6000.4.3" (connect: 0.00s, validation: 0.00s, handshake: 2.37s)
[Licensing::IpcConnector] Successfully connected to: "LicenseClient-kubot-6000.4.3-notifications" at "2026-04-19T11:42:26.0097969Z"
[Licensing::Module] Licensing Background thread has ended after 5.09s
[Licensing::Module] Licensing is initialized (took 3.52s).
[Licensing::Client] Successfully resolved entitlement details
[Licensing::Module] License group:
  Id: 15668070251884-UnityPersXXXX
  Product: Unity Personal
  Type: Assigned
  Expiration: Unlimited
Register platform support module: C:/Program Files/Unity/Hub/Editor/6000.4.3f1/Editor/Data/PlaybackEngines/iOSSupport/UnityEditor.iOS.Extensions.dll
Registered in 3.518928 seconds.
[usbmuxd] Start listen thread
[usbmuxd] Listen thread started
[usbmuxd] Send listen message
Native extension for iOS target not found
Native extension for WindowsStandalone target not found
Native extension for WebGL target not found
Package Manager log level set to [2]
[Package Manager] Failed to launch server process. Reason: Unity was launched with the -noUpm command-line argument
[Package Manager] Unable to send message (not connected to server process).
[Package Manager] Cannot connect to Unity Package Manager local server
ScheduleIndexationOnStartup MainProcess:False IndexOnStartup:True
Mono: successfully reloaded assembly
- Finished resetting the current domain, in  0.368 seconds
Domain Reload Profiling: 4586ms
	BeginReloadAssembly (355ms)
	RebuildCommonClasses (65ms)
	RebuildNativeTypeToScriptingClass (18ms)
	initialDomainReloadingComplete (3578ms)
	LoadAllAssembliesAndSetupDomain (202ms)
		LoadAssemblies (352ms)
		AnalyzeDomain (193ms)
			TypeCache.Refresh (193ms)
				TypeCache.ScanAssembly (179ms)
	FinalizeReload (369ms)
		SetupLoadedEditorAssemblies (0ms)
			InitializePlatformSupportModulesInManaged (53ms)
			BeforeProcessingInitializeOnLoad (70ms)
			ProcessInitializeOnLoadAttributes (97ms)
			ProcessInitializeOnLoadMethodAttributes (83ms)
Compilation Pipeline: Could not read file Packages/com.unity.xr.management/Runtime/Unity.XR.Management.asmdef
Fatal Error! Compilation Pipeline: Could not read file Packages/com.unity.xr.management/Runtime/Unity.XR.Management.asmdef
Crash!!!
SymInit: Symbol-SearchPath: 'C:/Program Files/Unity/Hub/Editor/6000.4.3f1/Editor/Data/Mono;.;C:\Users\kubot\Lidar App;C:\Users\kubot\Lidar App\Library\BurstCache\JIT;C:\Program Files\Unity\Hub\Editor\6000.4.3f1\Editor;C:\WINDOWS;C:\WINDOWS\system32;', symOptions: 534, UserName: 'kubot'
OS-Version: 10.0.0
C:\Program Files\Unity\Hub\Editor\6000.4.3f1\Editor\Unity.exe:Unity.exe (00007FF68B9C0000), size: 290816 (result: 0), SymType: '-deferred-', PDB: '', fileVersion: 6000.4.3.53672
C:\WINDOWS\SYSTEM32\ntdll.dll:ntdll.dll (00007FFCB9160000), size: 2519040 (result: 0), SymType: '-deferred-', PDB: '', fileVersion: 10.0.26100.8246
C:\WINDOWS\System32\KERNEL32.DLL:KERNEL32.DLL (00007FFCB7D50000), size: 823296 (result: 0), SymType: '-deferred-', PDB: '', fileVersion: 10.0.26100.8246
C:\WINDOWS\System32\KERNELBASE.dll:KERNELBASE.dll (00007FFCB6560000), size: 4145152 (result: 0), SymType: '-deferred-', PDB: '', fileVersion: 10.0.26100.8246
C:\WINDOWS\SYSTEM32\apphelp.dll:apphelp.dll (00007FFCB2D70000), size: 651264 (result: 0), SymType: '-deferred-', PDB: '', fileVersion: 10.0.26100.8115
C:\WINDOWS\System32\USER32.dll:USER32.dll (00007FFCB7AC0000), size: 1855488 (result: 0), SymType: '-deferred-', PDB: '', fileVersion: 10.0.26100.8246
C:\WINDOWS\System32\win32u.dll:win32u.dll (00007FFCB6400000), size: 159744 (result: 0), SymType: '-deferred-', PDB: '', fileVersion: 10.0.26100.8246
C:\WINDOWS\System32\GDI32.dll:GDI32.dll (00007FFCB7000000), size: 176128 (result: 0), SymType: '-deferred-', PDB: '', fileVersion: 10.0.26100.8036
C:\WINDOWS\System32\gdi32full.dll:gdi32full.dll (00007FFCB6430000), size: 1224704 (result: 0), SymType: '-deferred-', PDB: '', fileVersion: 10.0.26100.8246
C:\WINDOWS\System32\msvcp_win.dll:msvcp_win.dll (00007FFCB5A30000), size: 667648 (result: 0), SymType: '-deferred-', PDB: '', fileVersion: 10.0.26100.8246
C:\WINDOWS\System32\ucrtbase.dll:ucrtbase.dll (00007FFCB6A20000), size: 1355776 (result: 0), SymType: '-deferred-', PDB: '', fileVersion: 10.0.26100.8246
C:\WINDOWS\System32\IMM32.DLL:IMM32.DLL (00007FFCB8370000), size: 204800 (result: 0), SymType: '-deferred-', PDB: '', fileVersion: 10.0.26100.8115
C:\Program Files\Unity\Hub\Editor\6000.4.3f1\Editor\Unity.dll:Unity.dll (00007FFB9A6A0000), size: 93642752 (result: 0), SymType: '-deferred-', PDB: '', fileVersion: 6000.4.3.53672
C:\WINDOWS\System32\ADVAPI32.dll:ADVAPI32.dll (00007FFCB73F0000), size: 745472 (result: 0), SymType: '-deferred-', PDB: '', fileVersion: 10.0.26100.8115
C:\WINDOWS\System32\msvcrt.dll:msvcrt.dll (00007FFCB8B70000), size: 692224 (result: 0), SymType: '-deferred-', PDB: '', fileVersion: 7.0.26100.8246
C:\Program Files\Unity\Hub\Editor\6000.4.3f1\Editor\libfbxsdk.dll:libfbxsdk.dll (00007FFBA8930000), size: 8019968 (result: 0), SymType: '-deferred-', PDB: '', fileVersion: 2020.3.7.0
C:\WINDOWS\System32\sechost.dll:sechost.dll (00007FFCB8FE0000), size: 684032 (result: 0), SymType: '-deferred-', PDB: '', fileVersion: 10.0.26100.8246
C:\Program Files\Unity\Hub\Editor\6000.4.3f1\Editor\SketchUpAPI.dll:SketchUpAPI.dll (00007FFBA8090000), size: 8990720 (result: 0), SymType: '-deferred-', PDB: '', fileVersion: 23.0.0.0
C:\Program Files\Unity\Hub\Editor\6000.4.3f1\Editor\OpenRL.dll:OpenRL.dll (0000000180000000), size: 12779520 (result: 0), SymType: '-deferred-', PDB: '', fileVersion: 1.5.0.2907
C:\WINDOWS\System32\RPCRT4.dll:RPCRT4.dll (00007FFCB7E20000), size: 1146880 (result: 0), SymType: '-deferred-', PDB: '', fileVersion: 10.0.26100.8246
C:\Program Files\Unity\Hub\Editor\6000.4.3f1\Editor\s3tcompress.dll:s3tcompress.dll (00007FFC73130000), size: 180224 (result: 0), SymType: '-deferred-', PDB: ''
C:\WINDOWS\System32\ole32.dll:ole32.dll (00007FFCB7F60000), size: 1667072 (result: 0), SymType: '-deferred-', PDB: '', fileVersion: 10.0.26100.8246
C:\Program Files\Unity\Hub\Editor\6000.4.3f1\Editor\etccompress.dll:etccompress.dll (00007FFBB0510000), size: 5070848 (result: 0), SymType: '-deferred-', PDB: ''
C:\WINDOWS\System32\SHELL32.dll:SHELL32.dll (00007FFCB83B0000), size: 7761920 (result: 0), SymType: '-deferred-', PDB: '', fileVersion: 10.0.26100.8246
C:\WINDOWS\System32\SETUPAPI.dll:SETUPAPI.dll (00007FFCB7590000), size: 4747264 (result: 0), SymType: '-deferred-', PDB: '', fileVersion: 10.0.26100.8115
C:\WINDOWS\System32\combase.dll:combase.dll (00007FFCB7030000), size: 3678208 (result: 0), SymType: '-deferred-', PDB: '', fileVersion: 10.0.26100.8246
C:\WINDOWS\System32\wintypes.dll:wintypes.dll (00007FFCB6C00000), size: 1482752 (result: 0), SymType: '-deferred-', PDB: '', fileVersion: 10.0.26100.8246
C:\Program Files\Unity\Hub\Editor\6000.4.3f1\Editor\compress_bc7e.dll:compress_bc7e.dll (00007FFC41310000), size: 1433600 (result: 0), SymType: '-deferred-', PDB: ''
C:\WINDOWS\System32\shcore.dll:shcore.dll (00007FFCB6EF0000), size: 1015808 (result: 0), SymType: '-deferred-', PDB: '', fileVersion: 10.0.26100.8246
C:\Program Files\Unity\Hub\Editor\6000.4.3f1\Editor\ispc_texcomp.dll:ispc_texcomp.dll (00007FFBB36D0000), size: 1826816 (result: 0), SymType: '-deferred-', PDB: ''
C:\WINDOWS\System32\WS2_32.dll:WS2_32.dll (00007FFCB8100000), size: 524288 (result: 0), SymType: '-deferred-', PDB: '', fileVersion: 10.0.26100.8246
C:\WINDOWS\System32\SHLWAPI.dll:SHLWAPI.dll (00007FFCB8F60000), size: 417792 (result: 0), SymType: '-deferred-', PDB: '', fileVersion: 10.0.26100.8115
C:\Program Files\Unity\Hub\Editor\6000.4.3f1\Editor\WinPixEventRuntime.dll:WinPixEventRuntime.dll (00007FFCA34F0000), size: 57344 (result: 0), SymType: '-deferred-', PDB: '', fileVersion: 1.0.2403.8001
C:\WINDOWS\System32\Windows.Storage.dll:Windows.Storage.dll (00007FFCB5B90000), size: 8814592 (result: 0), SymType: '-deferred-', PDB: '', fileVersion: 10.0.26100.8246
C:\WINDOWS\SYSTEM32\MSVCP140.dll:MSVCP140.dll (00007FFCA2650000), size: 557056 (result: 0), SymType: '-deferred-', PDB: '', fileVersion: 14.50.35615.0
C:\WINDOWS\System32\CRYPT32.dll:CRYPT32.dll (00007FFCB6D70000), size: 1536000 (result: 0), SymType: '-deferred-', PDB: '', fileVersion: 10.0.26100.8115
C:\Program Files\Unity\Hub\Editor\6000.4.3f1\Editor\umbraoptimizer64.dll:umbraoptimizer64.dll (00007FFBBF490000), size: 1187840 (result: 0), SymType: '-deferred-', PDB: ''
C:\WINDOWS\SYSTEM32\VCRUNTIME140.dll:VCRUNTIME140.dll (00007FFCA2630000), size: 122880 (result: 0), SymType: '-deferred-', PDB: '', fileVersion: 14.50.35615.0
C:\WINDOWS\SYSTEM32\VCRUNTIME140_1.dll:VCRUNTIME140_1.dll (00007FFCA2620000), size: 45056 (result: 0), SymType: '-deferred-', PDB: '', fileVersion: 14.50.35615.0
C:\WINDOWS\System32\WINTRUST.dll:WINTRUST.dll (00007FFCB6B70000), size: 532480 (result: 0), SymType: '-deferred-', PDB: '', fileVersion: 10.0.26100.8115
C:\WINDOWS\SYSTEM32\bcrypt.dll:bcrypt.dll (00007FFCB5920000), size: 172032 (result: 0), SymType: '-deferred-', PDB: '', fileVersion: 10.0.26100.8246
C:\WINDOWS\System32\OLEAUT32.dll:OLEAUT32.dll (00007FFCB74B0000), size: 884736 (result: 0), SymType: '-deferred-', PDB: '', fileVersion: 10.0.26100.8246
C:\WINDOWS\WinSxS\amd64_microsoft.windows.common-controls_6595b64144ccf1df_6.0.26100.8115_none_3e075c82e3354f9c\COMCTL32.dll:COMCTL32.dll (00007FFCA20B0000), size: 2699264 (result: 0), SymType: '-deferred-', PDB: '', fileVersion: 6.10.26100.8115
C:\WINDOWS\SYSTEM32\d3d12.dll:d3d12.dll (00007FFC35140000), size: 143360 (result: 0), SymType: '-deferred-', PDB: '', fileVersion: 10.0.26100.8115
C:\WINDOWS\SYSTEM32\d3d11.dll:d3d11.dll (00007FFCB20F0000), size: 2502656 (result: 0), SymType: '-deferred-', PDB: '', fileVersion: 10.0.26100.8246
C:\WINDOWS\SYSTEM32\dwmapi.dll:dwmapi.dll (00007FFCB37A0000), size: 192512 (result: 0), SymType: '-deferred-', PDB: '', fileVersion: 10.0.26100.8115
C:\WINDOWS\SYSTEM32\HID.DLL:HID.DLL (00007FFCB3E50000), size: 61440 (result: 0), SymType: '-deferred-', PDB: '', fileVersion: 10.0.26100.1150
C:\WINDOWS\SYSTEM32\dxgi.dll:dxgi.dll (00007FFCB3610000), size: 1314816 (result: 0), SymType: '-deferred-', PDB: '', fileVersion: 10.0.26100.8115
C:\Program Files\Unity\Hub\Editor\6000.4.3f1\Editor\SketchUpCommonPreferences.dll:SketchUpCommonPreferences.dll (00007FFC3FEA0000), size: 499712 (result: 0), SymType: '-deferred-', PDB: '', fileVersion: 23.0.0.0
C:\WINDOWS\SYSTEM32\IPHLPAPI.DLL:IPHLPAPI.DLL (00007FFCB4160000), size: 204800 (result: 0), SymType: '-deferred-', PDB: '', fileVersion: 10.0.26100.8246
C:\WINDOWS\SYSTEM32\Secur32.dll:Secur32.dll (00007FFCB2E90000), size: 53248 (result: 0), SymType: '-deferred-', PDB: '', fileVersion: 10.0.26100.7705
C:\WINDOWS\SYSTEM32\VERSION.dll:VERSION.dll (00007FFCA2600000), size: 45056 (result: 0), SymType: '-deferred-', PDB: '', fileVersion: 10.0.26100.1150
C:\WINDOWS\SYSTEM32\MSVCP100.dll:MSVCP100.dll (0000000065CD0000), size: 622592 (result: 0), SymType: '-deferred-', PDB: '', fileVersion: 10.0.40219.325
C:\WINDOWS\SYSTEM32\MSVCR100.dll:MSVCR100.dll (0000000065BF0000), size: 860160 (result: 0), SymType: '-deferred-', PDB: '', fileVersion: 10.0.40219.325
C:\Program Files\Unity\Hub\Editor\6000.4.3f1\Editor\embree.dll:embree.dll (00007FFBA70A0000), size: 16711680 (result: 0), SymType: '-deferred-', PDB: '', fileVersion: 2.14.0.0
C:\WINDOWS\SYSTEM32\OPENGL32.dll:OPENGL32.dll (00007FFC23EB0000), size: 1110016 (result: 0), SymType: '-deferred-', PDB: '', fileVersion: 10.0.26100.8115
C:\WINDOWS\SYSTEM32\WINMM.dll:WINMM.dll (00007FFCAB750000), size: 221184 (result: 0), SymType: '-deferred-', PDB: '', fileVersion: 10.0.26100.8115
C:\WINDOWS\SYSTEM32\WINHTTP.dll:WINHTTP.dll (00007FFCADB80000), size: 1232896 (result: 0), SymType: '-deferred-', PDB: '', fileVersion: 10.0.26100.8246
C:\WINDOWS\SYSTEM32\GLU32.dll:GLU32.dll (00007FFC37E30000), size: 184320 (result: 0), SymType: '-deferred-', PDB: '', fileVersion: 10.0.26100.1150
C:\Program Files\Unity\Hub\Editor\6000.4.3f1\Editor\NativeProxyHelper.dll:NativeProxyHelper.dll (00007FFBB20A0000), size: 1789952 (result: 0), SymType: '-deferred-', PDB: ''
C:\WINDOWS\SYSTEM32\WSOCK32.dll:WSOCK32.dll (00007FFC9D910000), size: 40960 (result: 0), SymType: '-deferred-', PDB: '', fileVersion: 10.0.26100.1
C:\WINDOWS\SYSTEM32\powrprof.dll:powrprof.dll (00007FFCB5890000), size: 385024 (result: 0), SymType: '-deferred-', PDB: '', fileVersion: 10.0.26100.3912
C:\Program Files\Unity\Hub\Editor\6000.4.3f1\Editor\tbb.dll:tbb.dll (00007FFC41240000), size: 303104 (result: 0), SymType: '-deferred-', PDB: '', fileVersion: 2020.3.2022.1111
C:\WINDOWS\SYSTEM32\dxcore.dll:dxcore.dll (00007FFCB35C0000), size: 274432 (result: 0), SymType: '-deferred-', PDB: '', fileVersion: 10.0.26100.8115
C:\WINDOWS\SYSTEM32\SSPICLI.DLL:SSPICLI.DLL (00007FFCB4A20000), size: 299008 (result: 0), SymType: '-deferred-', PDB: '', fileVersion: 10.0.26100.8115
C:\Program Files\Unity\Hub\Editor\6000.4.3f1\Editor\FreeImage.dll:FreeImage.dll (0000022B1C510000), size: 5332992 (result: 0), SymType: '-deferred-', PDB: '', fileVersion: 3.18.0.0
C:\Program Files\Unity\Hub\Editor\6000.4.3f1\Editor\OpenRL_pthread.dll:OpenRL_pthread.dll (0000022B1CA30000), size: 61440 (result: 0), SymType: '-deferred-', PDB: '', fileVersion: 2.9.0.0
C:\WINDOWS\SYSTEM32\cfgmgr32.DLL:cfgmgr32.DLL (00007FFCB55C0000), size: 331776 (result: 0), SymType: '-deferred-', PDB: '', fileVersion: 10.0.26100.8115
C:\WINDOWS\SYSTEM32\MSWSOCK.DLL:MSWSOCK.DLL (00007FFCB4CD0000), size: 442368 (result: 0), SymType: '-deferred-', PDB: '', fileVersion: 10.0.26100.8115
C:\WINDOWS\SYSTEM32\UMPDC.dll:UMPDC.dll (00007FFCB5870000), size: 81920 (result: 0), SymType: '-deferred-', PDB: '', fileVersion: 10.0.26100.8115
C:\WINDOWS\SYSTEM32\MSASN1.dll:MSASN1.dll (00007FFCB5130000), size: 77824 (result: 0), SymType: '-deferred-', PDB: '', fileVersion: 10.0.26100.8246
C:\WINDOWS\System32\bcryptprimitives.dll:bcryptprimitives.dll (00007FFCB5AE0000), size: 675840 (result: 0), SymType: '-deferred-', PDB: '', fileVersion: 10.0.26100.8246
C:\WINDOWS\SYSTEM32\kernel.appcore.dll:kernel.appcore.dll (00007FFCB4780000), size: 110592 (result: 0), SymType: '-deferred-', PDB: '', fileVersion: 10.0.26100.7920
C:\WINDOWS\system32\uxtheme.dll:uxtheme.dll (00007FFCB3350000), size: 692224 (result: 0), SymType: '-deferred-', PDB: '', fileVersion: 10.0.26100.8115
C:\WINDOWS\SYSTEM32\profapi.dll:profapi.dll (00007FFCB5950000), size: 167936 (result: 0), SymType: '-deferred-', PDB: '', fileVersion: 10.0.26100.8115
C:\WINDOWS\System32\clbcatq.dll:clbcatq.dll (00007FFCB7C90000), size: 712704 (result: 0), SymType: '-deferred-', PDB: '', fileVersion: 2001.12.10941.16384
C:\WINDOWS\SYSTEM32\CRYPTSP.dll:CRYPTSP.dll (00007FFCB50D0000), size: 110592 (result: 0), SymType: '-deferred-', PDB: '', fileVersion: 10.0.26100.8246
C:\WINDOWS\system32\IconCodecService.dll:IconCodecService.dll (00007FFC678D0000), size: 45056 (result: 0), SymType: '-deferred-', PDB: '', fileVersion: 10.0.26100.1
C:\WINDOWS\system32\rsaenh.dll:rsaenh.dll (00007FFCB46E0000), size: 233472 (result: 0), SymType: '-deferred-', PDB: '', fileVersion: 10.0.26100.7705
C:\WINDOWS\system32\wbem\wbemprox.dll:wbemprox.dll (00007FFC8DB40000), size: 73728 (result: 0), SymType: '-deferred-', PDB: '', fileVersion: 10.0.26100.8115
C:\WINDOWS\SYSTEM32\wbemcomn.dll:wbemcomn.dll (00007FFCA0C00000), size: 499712 (result: 0), SymType: '-deferred-', PDB: '', fileVersion: 10.0.26100.7920
C:\WINDOWS\SYSTEM32\WindowsCodecs.dll:WindowsCodecs.dll (00007FFCB1170000), size: 2285568 (result: 0), SymType: '-deferred-', PDB: '', fileVersion: 10.0.26100.8115
C:\WINDOWS\SYSTEM32\CRYPTBASE.dll:CRYPTBASE.dll (00007FFCB4F30000), size: 49152 (result: 0), SymType: '-deferred-', PDB: '', fileVersion: 10.0.26100.8246
C:\WINDOWS\System32\imagehlp.dll:imagehlp.dll (00007FFCB73C0000), size: 131072 (result: 0), SymType: '-deferred-', PDB: '', fileVersion: 10.0.26100.4202
C:\WINDOWS\system32\wbem\wbemsvc.dll:wbemsvc.dll (00007FFC8AE10000), size: 86016 (result: 0), SymType: '-deferred-', PDB: '', fileVersion: 10.0.26100.8115
C:\WINDOWS\system32\wbem\fastprox.dll:fastprox.dll (00007FFC8AE30000), size: 983040 (result: 0), SymType: '-deferred-', PDB: '', fileVersion: 10.0.26100.8115
C:\WINDOWS\SYSTEM32\amsi.dll:amsi.dll (00007FFC8A5E0000), size: 118784 (result: 0), SymType: '-deferred-', PDB: '', fileVersion: 10.0.26100.7309
C:\WINDOWS\SYSTEM32\USERENV.dll:USERENV.dll (00007FFCB4D80000), size: 208896 (result: 0), SymType: '-deferred-', PDB: '', fileVersion: 10.0.26100.8115
C:\ProgramData\Microsoft\Windows Defender\Platform\4.18.26030.3011-0\MpOav.dll:MpOav.dll (00007FFC8A530000), size: 663552 (result: 0), SymType: '-deferred-', PDB: '', fileVersion: 4.18.26030.3011
C:\WINDOWS\SYSTEM32\gpapi.dll:gpapi.dll (00007FFCB4D40000), size: 196608 (result: 0), SymType: '-deferred-', PDB: '', fileVersion: 10.0.26100.8246
C:\Windows\System32\cryptnet.dll:cryptnet.dll (00007FFC79AB0000), size: 241664 (result: 0), SymType: '-deferred-', PDB: '', fileVersion: 10.0.26100.8115
C:\WINDOWS\System32\netprofm.dll:netprofm.dll (00007FFCB07E0000), size: 450560 (result: 0), SymType: '-deferred-', PDB: '', fileVersion: 10.0.26100.8115
C:\WINDOWS\SYSTEM32\WINNSI.DLL:WINNSI.DLL (00007FFCB30B0000), size: 57344 (result: 0), SymType: '-deferred-', PDB: '', fileVersion: 10.0.26100.8246
C:\WINDOWS\System32\NSI.dll:NSI.dll (00007FFCB7A20000), size: 40960 (result: 0), SymType: '-deferred-', PDB: '', fileVersion: 10.0.26100.8246
C:\WINDOWS\System32\npmproxy.dll:npmproxy.dll (00007FFCAAD70000), size: 102400 (result: 0), SymType: '-deferred-', PDB: '', fileVersion: 10.0.26100.8115
C:\WINDOWS\SYSTEM32\dhcpcsvc6.DLL:dhcpcsvc6.DLL (00007FFCAE570000), size: 118784 (result: 0), SymType: '-deferred-', PDB: '', fileVersion: 10.0.26100.8115
C:\WINDOWS\SYSTEM32\dhcpcsvc.DLL:dhcpcsvc.DLL (00007FFCAE4E0000), size: 151552 (result: 0), SymType: '-deferred-', PDB: '', fileVersion: 10.0.26100.8115
C:\WINDOWS\SYSTEM32\DNSAPI.dll:DNSAPI.dll (00007FFCB41A0000), size: 1253376 (result: 0), SymType: '-deferred-', PDB: '', fileVersion: 10.0.26100.8246
C:\WINDOWS\system32\napinsp.dll:napinsp.dll (00007FFC87CA0000), size: 98304 (result: 0), SymType: '-deferred-', PDB: '', fileVersion: 10.0.26100.1150
C:\WINDOWS\System32\winrnr.dll:winrnr.dll (00007FFC87C80000), size: 77824 (result: 0), SymType: '-deferred-', PDB: '', fileVersion: 10.0.26100.8115
C:\WINDOWS\system32\nlansp_c.dll:nlansp_c.dll (00007FFC87C50000), size: 139264 (result: 0), SymType: '-deferred-', PDB: '', fileVersion: 10.0.26100.8115
C:\WINDOWS\system32\wshbth.dll:wshbth.dll (00007FFCACE50000), size: 90112 (result: 0), SymType: '-deferred-', PDB: '', fileVersion: 10.0.26100.5074
C:\WINDOWS\System32\fwpuclnt.dll:fwpuclnt.dll (00007FFCAB530000), size: 548864 (result: 0), SymType: '-deferred-', PDB: '', fileVersion: 10.0.26100.8246
C:\Windows\System32\rasadhlp.dll:rasadhlp.dll (00007FFCAB5C0000), size: 45056 (result: 0), SymType: '-deferred-', PDB: '', fileVersion: 10.0.26100.7920
C:\Program Files\Unity\Hub\Editor\6000.4.3f1\Editor\AMDUnityPlugin.DLL:AMDUnityPlugin.DLL (00007FFB975C0000), size: 8843264 (result: 0), SymType: '-deferred-', PDB: ''
C:\Program Files\Unity\Hub\Editor\6000.4.3f1\Editor\NVUnityPlugin.DLL:NVUnityPlugin.DLL (00007FFB97420000), size: 1642496 (result: 0), SymType: '-deferred-', PDB: ''
C:\Program Files\Unity\Hub\Editor\6000.4.3f1\Editor\Data\Tools\astcenc-avx2.dll:astcenc-avx2.dll (00007FFB973C0000), size: 352256 (result: 0), SymType: '-deferred-', PDB: ''
C:\WINDOWS\System32\MMDevApi.dll:MMDevApi.dll (00007FFCADFA0000), size: 618496 (result: 0), SymType: '-deferred-', PDB: '', fileVersion: 10.0.26100.8115
C:\WINDOWS\System32\DEVOBJ.dll:DEVOBJ.dll (00007FFCB5590000), size: 184320 (result: 0), SymType: '-deferred-', PDB: '', fileVersion: 10.0.26100.1150
C:\WINDOWS\SYSTEM32\directxdatabasehelper.dll:directxdatabasehelper.dll (00007FFCAF090000), size: 397312 (result: 0), SymType: '-deferred-', PDB: '', fileVersion: 10.0.26100.8115
C:\Program Files\Unity\Hub\Editor\6000.4.3f1\Editor\D3D12\D3D12Core.dll:D3D12Core.dll (00007FFB96CB0000), size: 4780032 (result: 0), SymType: '-deferred-', PDB: '', fileVersion: 1.618.1.0
C:\WINDOWS\System32\DriverStore\FileRepository\iigd_dch.inf_amd64_437421e864cf094d\igd12umd64.dll:igd12umd64.dll (00007FFC1B730000), size: 466944 (result: 0), SymType: '-deferred-', PDB: '', fileVersion: 32.0.101.7084
C:\WINDOWS\System32\DriverStore\FileRepository\iigd_dch.inf_amd64_437421e864cf094d\igdext64.dll:igdext64.dll (00007FFC1B6A0000), size: 536576 (result: 0), SymType: '-deferred-', PDB: '', fileVersion: 32.0.101.7084
C:\WINDOWS\System32\DriverStore\FileRepository\iigd_dch.inf_amd64_437421e864cf094d\igd12um64xel.dll:igd12um64xel.dll (00007FFC193C0000), size: 36548608 (result: 0), SymType: '-deferred-', PDB: '', fileVersion: 32.0.101.7084
C:\WINDOWS\System32\DriverStore\FileRepository\iigd_dch.inf_amd64_437421e864cf094d\IntelControlLib.dll:IntelControlLib.dll (00007FFC76000000), size: 729088 (result: 0), SymType: '-deferred-', PDB: '', fileVersion: 1.2.269.0
C:\WINDOWS\System32\DriverStore\FileRepository\iigd_dch.inf_amd64_437421e864cf094d\igdgmm2_64.dll:igdgmm2_64.dll (00007FFCAB630000), size: 339968 (result: 0), SymType: '-deferred-', PDB: '', fileVersion: 32.0.101.7084
C:\WINDOWS\System32\DriverStore\FileRepository\iigd_dch.inf_amd64_437421e864cf094d\igdgmm64.dll:igdgmm64.dll (00007FFCAAF80000), size: 5943296 (result: 0), SymType: '-deferred-', PDB: '', fileVersion: 32.0.101.7084
C:\WINDOWS\System32\DriverStore\FileRepository\iigd_dch.inf_amd64_437421e864cf094d\igc64.dll:igc64.dll (00007FFCA57E0000), size: 86720512 (result: 0), SymType: '-deferred-', PDB: '', fileVersion: 32.0.101.7084
C:\WINDOWS\SYSTEM32\D3DSCache.dll:D3DSCache.dll (00007FFC192D0000), size: 937984 (result: 0), SymType: '-deferred-', PDB: '', fileVersion: 10.0.26100.8115
C:\WINDOWS\System32\DriverStore\FileRepository\iigd_dch.inf_amd64_437421e864cf094d\igd12dxva64.dll:igd12dxva64.dll (00007FFC18F70000), size: 3514368 (result: 0), SymType: '-deferred-', PDB: '', fileVersion: 32.0.101.7084
C:\WINDOWS\System32\DriverStore\FileRepository\iigd_dch.inf_amd64_437421e864cf094d\igddxvacommon64.dll:igddxvacommon64.dll (00007FFC9ABA0000), size: 22769664 (result: 0), SymType: '-deferred-', PDB: '', fileVersion: 32.0.101.7084
C:\WINDOWS\System32\DriverStore\FileRepository\iigd_dch.inf_amd64_437421e864cf094d\media_bin_64.dll:media_bin_64.dll (00007FFC974B0000), size: 34418688 (result: 0), SymType: '-deferred-', PDB: '', fileVersion: 32.0.101.7084
C:\WINDOWS\System32\DriverStore\FileRepository\iigd_dch.inf_amd64_437421e864cf094d\igdinfo64.dll:igdinfo64.dll (00007FFC96CA0000), size: 163840 (result: 0), SymType: '-deferred-', PDB: '', fileVersion: 32.0.101.7084
C:\Program Files\Unity\Hub\Editor\6000.4.3f1\Editor\DirectML.dll:DirectML.dll (00007FFB874F0000), size: 14061568 (result: 0), SymType: '-deferred-', PDB: '', fileVersion: 1.13.1.0
C:\WINDOWS\SYSTEM32\DXGIDebug.dll:DXGIDebug.dll (00007FFB8DED0000), size: 151552 (result: 0), SymType: '-deferred-', PDB: '', fileVersion: 10.0.26100.1882
C:\WINDOWS\SYSTEM32\d3d11on12.dll:d3d11on12.dll (00007FFB8DC10000), size: 688128 (result: 0), SymType: '-deferred-', PDB: '', fileVersion: 10.0.26100.8115
C:\WINDOWS\SYSTEM32\opencl.dll:opencl.dll (00007FFB96C90000), size: 98304 (result: 0), SymType: '-deferred-', PDB: '', fileVersion: 3.0.6.0
C:\Program Files\Unity\Hub\Editor\6000.4.3f1\Editor\radeonrays.dll:radeonrays.dll (00007FFB96C30000), size: 344064 (result: 0), SymType: '-deferred-', PDB: ''
C:\Program Files\Unity\Hub\Editor\6000.4.3f1\Editor\Data\MonoBleedingEdge\EmbedRuntime\mono-2.0-bdwgc.dll:mono-2.0-bdwgc.dll (00007FFB961E0000), size: 10756096 (result: 0), SymType: '-deferred-', PDB: ''
C:\Program Files\Unity\Hub\Editor\6000.4.3f1\Editor\Data\PlaybackEngines\iOSSupport\x64\UnityEditor.iOS.Native.dll:UnityEditor.iOS.Native.dll (00007FFB96030000), size: 303104 (result: 0), SymType: '-deferred-', PDB: ''
C:\WINDOWS\SYSTEM32\dbghelp.dll:dbghelp.dll (00007FFCB30D0000), size: 2367488 (result: 0), SymType: '-deferred-', PDB: '', fileVersion: 10.0.26100.5074

========== OUTPUTTING STACK TRACE ==================

0x00007FFCB66279DA (KERNELBASE) RaiseException
0x00007FFB9BC8D601 (Unity) EditorMonoConsole::LogToConsoleImplementation
0x00007FFB9BC8E303 (Unity) EditorMonoConsole::LogToConsoleImplementation
0x00007FFB9DA0BC58 (Unity) DebugStringToFilePostprocessedStacktrace
0x00007FFB9DA0B461 (Unity) DebugStringToFile
0x00007FFB9B71F672 (Unity) RegisterAssemblyDefinition
0x00007FFB9ADFE6B5 (Unity) ProcessAssemblyAssets
0x00007FFB9ADFF468 (Unity) UpdateScriptCompilationPipelineCaches
0x00007FFB9AF39DB4 (Unity) InitializeScriptPipelineCaches
0x00007FFB9BB8003E (Unity) Application::InitializeProject
0x00007FFB9B587423 (Unity) UnityMain
0x00007FF68B9C2F2A (Unity) __scrt_common_main_seh
0x00007FFCB7D7E8D7 (KERNEL32) BaseThreadInitThunk
0x00007FFCB91EC3FC (ntdll) RtlUserThreadStart

========== END OF STACKTRACE ===========

A crash has been intercepted by the crash handler. For call stack and other details, see the latest crash report generated in:
 * C:/Users/kubot/AppData/Local/Temp/Unity/Editor/Crashes
